# letterFrequency
Project for Cloud Computing Course at unipi


# Credentials

| name  | IP         | user | password | pwd hadoop |
| ----- | ---------- | ---- | -------- | ---------- |
| bata  | 10.1.1.82  | root | ubuntu   | ubuntu     |
| edo   | 10.1.1.143 | root | ubuntu   | hadoop     |
| kevin | 10.1.1.83  | root | ubuntu   | ijnokmpl   |

# To execute
Simply execute ```./run.sh```